TN:
SF:rxjs\Observable.js
FN:10,(anonymous_0)
FN:30,(anonymous_1)
FN:37,(anonymous_2)
FN:39,(anonymous_3)
FN:50,(anonymous_4)
FN:54,(anonymous_5)
FN:73,(anonymous_6)
FN:80,(anonymous_7)
FNF:8
FNH:3
FNDA:2,(anonymous_0)
FNDA:0,(anonymous_1)
FNDA:2,(anonymous_2)
FNDA:6,(anonymous_3)
FNDA:0,(anonymous_4)
FNDA:0,(anonymous_5)
FNDA:0,(anonymous_6)
FNDA:0,(anonymous_7)
DA:1,1
DA:2,1
DA:11,2
DA:12,2
DA:13,2
DA:17,2
DA:21,2
DA:31,0
DA:32,0
DA:33,0
DA:34,0
DA:38,2
DA:40,6
DA:41,0
DA:44,6
DA:45,0
DA:48,6
DA:51,0
DA:52,0
DA:55,0
DA:56,0
DA:58,0
DA:59,0
DA:62,2
DA:64,2
DA:65,2
DA:74,0
DA:81,0
DA:86,1
LF:29
LH:15
BRDA:38,0,0,0
BRDA:38,0,1,2
BRDA:40,1,0,0
BRDA:40,1,1,6
BRDA:44,2,0,0
BRDA:44,2,1,6
BRDA:48,3,0,6
BRDA:48,3,1,6
BRDA:52,4,0,0
BRDA:52,4,1,0
BRDA:55,5,0,0
BRDA:55,5,1,0
BRDA:59,6,0,0
BRDA:59,6,1,0
BRDA:64,7,0,0
BRDA:64,7,1,2
BRF:16
BRH:6
end_of_record
TN:
SF:rxjs\Subscription.js
FN:3,(anonymous_0)
FN:15,(anonymous_1)
FN:20,(anonymous_2)
FN:22,(anonymous_3)
FNF:4
FNH:1
FNDA:2,(anonymous_0)
FNDA:0,(anonymous_1)
FNDA:0,(anonymous_2)
FNDA:0,(anonymous_3)
DA:1,1
DA:4,2
DA:8,2
DA:16,0
DA:21,0
DA:22,0
DA:23,0
LF:7
LH:3
BRF:0
BRH:0
end_of_record
TN:
SF:rxjs\utils\index.js
FN:3,(anonymous_0)
FNF:1
FNH:1
FNDA:2,(anonymous_0)
DA:3,1
DA:4,2
DA:5,0
DA:7,2
DA:10,1
LF:5
LH:4
BRDA:4,0,0,0
BRDA:4,0,1,2
BRDA:4,1,0,2
BRDA:4,1,1,0
BRF:4
BRH:2
end_of_record
